<?xml version="1.0" encoding="UTF-8"?>
<!-- Generated by org.testng.reporters.JUnitReportReporter -->
<testsuite hostname="01hw1034563" failures="0" tests="1" name="runners.POMRunner" time="69.408" errors="0" timestamp="2021-11-18T13:01:46 IST" skipped="0">
  <testcase classname="runners.POMRunner" name="runScenario" time="69.408"/>
  <system-out/>
</testsuite> <!-- runners.POMRunner -->
